[INFO   ] [Logger      ] Record log in C:\Users\bensh\.kivy\logs\kivy_24-04-10_26.txt
[INFO   ] [Kivy        ] v2.3.0
[INFO   ] [Kivy        ] Installed at "C:\Users\bensh\AppData\Local\Temp\_MEI501362\kivy\__init__.pyc"
[INFO   ] [Python      ] v3.11.1 (tags/v3.11.1:a7a450f, Dec  6 2022, 19:58:39) [MSC v.1934 64 bit (AMD64)]
[INFO   ] [Python      ] Interpreter at "C:\Users\bensh\OneDrive\Essentials\Documents\Git\PROJECT\Final Design\dist\Final Design.exe"
[INFO   ] [Logger      ] Purge log fired. Processing...
[INFO   ] [Logger      ] Purge finished!
[INFO   ] [Factory     ] 195 symbols loaded
[INFO   ] [Image       ] Providers: img_tex, img_dds, img_sdl2, img_pil (img_ffpyplayer ignored)
[INFO   ] [Window      ] Provider: sdl2
[INFO   ] [GL          ] Using the "OpenGL" graphics system
[INFO   ] [GL          ] GLEW initialization succeeded
[INFO   ] [GL          ] Backend used <glew>
[INFO   ] [GL          ] OpenGL version <b'4.6.0 NVIDIA 552.12'>
[INFO   ] [GL          ] OpenGL vendor <b'NVIDIA Corporation'>
[INFO   ] [GL          ] OpenGL renderer <b'NVIDIA GeForce RTX 3070 Laptop GPU/PCIe/SSE2'>
[INFO   ] [GL          ] OpenGL parsed version: 4, 6
[INFO   ] [GL          ] Shading version <b'4.60 NVIDIA'>
[INFO   ] [GL          ] Texture max size <32768>
[INFO   ] [GL          ] Texture max units <32>
[INFO   ] [Window      ] auto add sdl2 input provider
[INFO   ] [Window      ] virtual keyboard not allowed, single mode, not docked
[INFO   ] [Text        ] Provider: sdl2
[DEBUG  ] [matplotlib data path] C:\Users\bensh\AppData\Local\Temp\_MEI501362\matplotlib\mpl-data
[DEBUG  ] CONFIGDIR=C:\Users\bensh\AppData\Local\Temp\tmp9v0pz_50
[DEBUG  ] interactive is False
[DEBUG  ] platform is win32
[DEBUG  ] CACHEDIR=C:\Users\bensh\AppData\Local\Temp\tmp9v0pz_50
[DEBUG  ] font search path [WindowsPath('C:/Users/bensh/AppData/Local/Temp/_MEI501362/matplotlib/mpl-data/fonts/ttf'), WindowsPath('C:/Users/bensh/AppData/Local/Temp/_MEI501362/matplotlib/mpl-data/fonts/afm'), WindowsPath('C:/Users/bensh/AppData/Local/Temp/_MEI501362/matplotlib/mpl-data/fonts/pdfcorefonts')]
[INFO   ] generated new fontManager
 Traceback (most recent call last):
   File "Final Design.py", line 35, in <module>
   File "kivy\lang\builder.py", line 308, in load_file
 FileNotFoundError: [Errno 2] No such file or directory: 'C:\\Users\\bensh\\AppData\\Local\\Temp\\_MEI501362\\kvFiles/Portfolio.kv'
