\BOOKMARK [1][-]{section.1}{\376\377\000A\000b\000s\000t\000r\000a\000c\000t}{}% 1
\BOOKMARK [1][-]{section.2}{\376\377\000C\000h\000a\000p\000t\000e\000r\000\040\0001\000\040\000-\000\040\000I\000n\000t\000r\000o\000d\000u\000c\000t\000i\000o\000n}{}% 2
\BOOKMARK [2][-]{subsection.2.1}{\376\377\000W\000h\000a\000t\000\040\000i\000s\000\040\000V\000a\000R\000?}{section.2}% 3
\BOOKMARK [2][-]{subsection.2.2}{\376\377\000A\000i\000m\000s\000\040\000a\000n\000d\000\040\000G\000o\000a\000l\000s}{section.2}% 4
\BOOKMARK [2][-]{subsection.2.3}{\376\377\000M\000i\000l\000e\000s\000t\000o\000n\000e\000\040\000P\000l\000a\000n}{section.2}% 5
\BOOKMARK [3][-]{subsubsection.2.3.1}{\376\377\000T\000i\000m\000e\000s\000c\000a\000l\000e\000\040\000\046\000\040\000T\000i\000m\000e\000l\000i\000n\000e}{subsection.2.3}% 6
\BOOKMARK [1][-]{section.3}{\376\377\000C\000h\000a\000p\000t\000e\000r\000\040\0002\000\040\040\024\000\040\000U\000n\000d\000e\000r\000s\000t\000a\000n\000d\000i\000n\000g\000\040\000V\000a\000R}{}% 7
\BOOKMARK [2][-]{subsection.3.1}{\376\377\000H\000i\000s\000t\000o\000r\000i\000c\000a\000l\000\040\000S\000i\000m\000u\000l\000a\000t\000i\000o\000n}{section.3}% 8
\BOOKMARK [2][-]{subsection.3.2}{\376\377\000M\000o\000d\000e\000l\000\040\000B\000u\000i\000l\000d\000i\000n\000g\000\040\000\050\000V\000a\000r\000i\000a\000n\000c\000e\000-\000C\000o\000v\000a\000r\000i\000a\000n\000c\000e\000\051}{section.3}% 9
\BOOKMARK [2][-]{subsection.3.3}{\376\377\000C\000o\000d\000i\000n\000g\000\040\000V\000a\000R\000\040\000M\000e\000t\000h\000o\000d\000s}{section.3}% 10
\BOOKMARK [3][-]{subsubsection.3.3.1}{\376\377\000C\000o\000m\000m\000a\000n\000d\000\040\000L\000i\000n\000e\000\040\040\024\000\040\000H\000i\000s\000t\000o\000r\000i\000c\000a\000l\000\040\000S\000i\000m\000u\000l\000a\000t\000i\000o\000n}{subsection.3.3}% 11
\BOOKMARK [3][-]{subsubsection.3.3.2}{\376\377\000C\000o\000m\000m\000a\000n\000d\000\040\000L\000i\000n\000e\000\040\040\023\000\040\000M\000o\000d\000e\000l\000\040\000B\000u\000i\000l\000d\000i\000n\000g\000\040\000\050\000V\000a\000r\000i\000a\000n\000c\000e\000-\000C\000o\000v\000a\000r\000i\000a\000n\000c\000e\000\051}{subsection.3.3}% 12
\BOOKMARK [2][-]{subsection.3.4}{\376\377\000B\000a\000c\000k\000-\000T\000e\000s\000t\000i\000n\000g}{section.3}% 13
\BOOKMARK [2][-]{subsection.3.5}{\376\377\000C\000o\000m\000b\000i\000n\000i\000n\000g\000\040\000I\000m\000p\000l\000e\000m\000e\000n\000t\000a\000t\000i\000o\000n\000s}{section.3}% 14
\BOOKMARK [1][-]{section.4}{\376\377\000C\000h\000a\000p\000t\000e\000r\000\040\0003\000\040\040\024\000\040\000G\000r\000a\000p\000h\000i\000c\000a\000l\000\040\000U\000s\000e\000r\000\040\000I\000n\000t\000e\000r\000f\000a\000c\000e}{}% 15
\BOOKMARK [2][-]{subsection.4.1}{\376\377\000W\000h\000a\000t\000\040\000i\000s\000\040\000K\000i\000v\000y\000?}{section.4}% 16
\BOOKMARK [2][-]{subsection.4.2}{\376\377\000C\000o\000n\000c\000e\000p\000t\000u\000a\000l\000i\000s\000a\000t\000i\000o\000n\000\040\000o\000f\000\040\000I\000n\000i\000t\000i\000a\000l\000\040\000D\000e\000s\000i\000g\000n\000\040\000I\000d\000e\000a\000s}{section.4}% 17
\BOOKMARK [2][-]{subsection.4.3}{\376\377\000I\000n\000i\000t\000i\000a\000l\000\040\000G\000U\000I\000\040\000C\000r\000e\000a\000t\000i\000o\000n}{section.4}% 18
\BOOKMARK [3][-]{subsubsection.4.3.1}{\376\377\000F\000i\000r\000s\000t\000\040\000I\000t\000e\000r\000a\000t\000i\000o\000n}{subsection.4.3}% 19
\BOOKMARK [2][-]{subsection.4.4}{\376\377\000C\000o\000m\000p\000l\000e\000t\000e\000d\000\040\000I\000n\000i\000t\000i\000a\000l\000\040\000D\000e\000s\000i\000g\000n}{section.4}% 20
\BOOKMARK [3][-]{subsubsection.4.4.1}{\376\377\000E\000n\000h\000a\000n\000c\000e\000d\000\040\000A\000p\000p\000l\000i\000c\000a\000t\000i\000o\000n\000\040\000S\000t\000r\000u\000c\000t\000u\000r\000e}{subsection.4.4}% 21
\BOOKMARK [3][-]{subsubsection.4.4.2}{\376\377\000D\000y\000n\000a\000m\000i\000c\000\040\000S\000t\000o\000c\000k\000\040\000L\000i\000s\000t\000\040\000G\000e\000n\000e\000r\000a\000t\000i\000o\000n}{subsection.4.4}% 22
\BOOKMARK [3][-]{subsubsection.4.4.3}{\376\377\000V\000a\000l\000u\000e\000\040\000a\000t\000\040\000R\000i\000s\000k\000\040\000\050\000V\000a\000R\000\051\000\040\000C\000a\000l\000c\000u\000l\000a\000t\000i\000o\000n}{subsection.4.4}% 23
\BOOKMARK [3][-]{subsubsection.4.4.4}{\376\377\000U\000s\000e\000r\000\040\000I\000n\000p\000u\000t\000\040\000H\000a\000n\000d\000l\000i\000n\000g\000\040\000a\000n\000d\000\040\000V\000a\000l\000i\000d\000a\000t\000i\000o\000n}{subsection.4.4}% 24
\BOOKMARK [3][-]{subsubsection.4.4.5}{\376\377\000R\000a\000d\000i\000o\000\040\000B\000u\000t\000t\000o\000n\000s}{subsection.4.4}% 25
\BOOKMARK [2][-]{subsection.4.5}{\376\377\000I\000n\000i\000t\000i\000a\000l\000\040\000D\000e\000l\000i\000v\000e\000r\000a\000b\000l\000e\000\040\000W\000i\000t\000h\000\040\000P\000i\000c\000t\000u\000r\000e\000s}{section.4}% 26
\BOOKMARK [2][-]{subsection.4.6}{\376\377\000R\000e\000f\000l\000e\000c\000t\000i\000o\000n\000a\000l\000\040\000A\000d\000j\000u\000s\000t\000m\000e\000n\000t\000s}{section.4}% 27
\BOOKMARK [1][-]{section.5}{\376\377\000C\000h\000a\000p\000t\000e\000r\000\040\0004\000\040\040\024\000\040\000P\000o\000r\000t\000f\000o\000l\000i\000o\000\040\000C\000r\000e\000a\000t\000i\000o\000n}{}% 28
\BOOKMARK [2][-]{subsection.5.1}{\376\377\000M\000o\000n\000t\000e\000\040\000C\000a\000r\000l\000o\000\040\000S\000i\000m\000u\000l\000a\000t\000i\000o\000n}{section.5}% 29
\BOOKMARK [3][-]{subsubsection.5.1.1}{\376\377\000C\000o\000m\000m\000a\000n\000d\000\040\000L\000i\000n\000e\000\040\040\024\000\040\000M\000o\000n\000t\000e\000\040\000C\000a\000r\000l\000o\000\040\000S\000i\000m\000u\000l\000a\000t\000i\000o\000n}{subsection.5.1}% 30
\BOOKMARK [2][-]{subsection.5.2}{\376\377\000K\000i\000v\000y\000\040\000S\000c\000r\000e\000e\000n\000\040\000M\000a\000n\000a\000g\000e\000r}{section.5}% 31
\BOOKMARK [3][-]{subsubsection.5.2.1}{\376\377\000T\000a\000b\000b\000i\000n\000g\000\040\000S\000y\000s\000t\000e\000m\000\040\000a\000n\000d\000\040\000W\000o\000r\000k\000s\000p\000a\000c\000e\000\040\000S\000t\000r\000u\000c\000t\000u\000r\000e}{subsection.5.2}% 32
\BOOKMARK [2][-]{subsection.5.3}{\376\377\000D\000e\000v\000e\000l\000o\000p\000i\000n\000g\000\040\000a\000\040\000P\000o\000r\000t\000f\000o\000l\000i\000o\000\040\000S\000c\000r\000e\000e\000n}{section.5}% 33
\BOOKMARK [3][-]{subsubsection.5.3.1}{\376\377\000I\000n\000i\000t\000i\000a\000l\000\040\000S\000t\000r\000u\000c\000t\000u\000r\000e\000\040\000a\000n\000d\000\040\000P\000o\000p\000-\000U\000p}{subsection.5.3}% 34
\BOOKMARK [3][-]{subsubsection.5.3.2}{\376\377\000S\000t\000o\000r\000i\000n\000g\000\040\000S\000t\000o\000c\000k\000s\000\040\000a\000n\000d\000\040\000C\000a\000l\000c\000u\000l\000a\000t\000i\000n\000g\000\040\000P\000o\000r\000t\000f\000o\000l\000i\000o\000\040\000V\000a\000l\000u\000e}{subsection.5.3}% 35
\BOOKMARK [3][-]{subsubsection.5.3.3}{\376\377\000B\000a\000c\000k\000g\000r\000o\000u\000n\000d\000\040\000A\000p\000p\000\040\000R\000e\000f\000r\000e\000s\000h\000\040\000a\000n\000d\000\040\000R\000a\000c\000e\000\040\000C\000o\000n\000d\000i\000t\000i\000o\000n\000s}{subsection.5.3}% 36
\BOOKMARK [3][-]{subsubsection.5.3.4}{\376\377\000V\000a\000l\000u\000e\000\040\000a\000t\000\040\000R\000i\000s\000k\000\040\000C\000a\000l\000c\000u\000l\000a\000t\000o\000r\000s}{subsection.5.3}% 37
\BOOKMARK [3][-]{subsubsection.5.3.5}{\376\377\000F\000i\000n\000d\000i\000n\000g\000\040\000C\000o\000m\000p\000a\000r\000n\000y\000\040\000N\000a\000m\000e\000s\000\040\000a\000n\000d\000\040\000B\000a\000c\000k\000\040\000B\000u\000t\000t\000o\000n}{subsection.5.3}% 38
\BOOKMARK [3][-]{subsubsection.5.3.6}{\376\377\000I\000m\000p\000r\000o\000v\000i\000n\000g\000\040\000M\000o\000n\000t\000e\000\040\000C\000a\000r\000l\000o\000\040\000S\000i\000m\000u\000l\000a\000t\000i\000o\000n}{subsection.5.3}% 39
\BOOKMARK [3][-]{subsubsection.5.3.7}{\376\377\000D\000e\000l\000e\000t\000i\000n\000g\000\040\000S\000t\000o\000c\000k\000s}{subsection.5.3}% 40
\BOOKMARK [3][-]{subsubsection.5.3.8}{\376\377\000A\000d\000j\000u\000s\000t\000i\000n\000g\000\040\000V\000a\000R\000\040\000P\000a\000r\000a\000m\000e\000t\000e\000r\000s}{subsection.5.3}% 41
\BOOKMARK [2][-]{subsection.5.4}{\376\377\000T\000h\000e\000\040\000F\000i\000n\000a\000l\000i\000s\000e\000d\000\040\000P\000o\000r\000t\000f\000o\000l\000i\000o\000\040\000S\000c\000r\000e\000e\000n}{section.5}% 42
\BOOKMARK [1][-]{section.6}{\376\377\000C\000h\000a\000p\000t\000e\000r\000\040\0005\000\040\040\024\000\040\000G\000r\000a\000p\000h\000i\000c\000a\000l\000\040\000V\000i\000s\000u\000a\000l\000i\000s\000a\000t\000i\000o\000n}{}% 43
\BOOKMARK [2][-]{subsection.6.1}{\376\377\000C\000o\000n\000v\000e\000r\000g\000e\000n\000c\000e\000\040\000A\000n\000a\000l\000y\000s\000i\000s}{section.6}% 44
\BOOKMARK [2][-]{subsection.6.2}{\376\377\000M\000a\000t\000p\000l\000o\000t\000l\000i\000b\000\040\000w\000i\000t\000h\000i\000n\000\040\000K\000i\000v\000y}{section.6}% 45
\BOOKMARK [2][-]{subsection.6.3}{\376\377\000C\000r\000e\000a\000t\000i\000n\000g\000\040\000t\000h\000e\000\040\000G\000r\000a\000p\000h\000s\000\040\000S\000c\000r\000e\000e\000n}{section.6}% 46
\BOOKMARK [3][-]{subsubsection.6.3.1}{\376\377\000A\000d\000d\000i\000n\000g\000\040\000D\000y\000n\000a\000m\000i\000c\000\040\000P\000o\000p\000-\000U\000p\000\040\000L\000a\000b\000e\000l\000s}{subsection.6.3}% 47
\BOOKMARK [3][-]{subsubsection.6.3.2}{\376\377\000T\000h\000r\000e\000a\000d\000i\000n\000g}{subsection.6.3}% 48
\BOOKMARK [3][-]{subsubsection.6.3.3}{\376\377\000T\000h\000e\000o\000r\000e\000t\000i\000c\000a\000l\000\040\000P\000o\000r\000t\000f\000o\000l\000i\000o\000\040\000V\000a\000l\000u\000e\000\040\000O\000v\000e\000r\000\040\000T\000i\000m\000e\000\040\000a\000n\000d\000\040\000C\000u\000s\000t\000o\000m\000\040\000S\000c\000r\000o\000l\000l\000V\000i\000e\000w}{subsection.6.3}% 49
\BOOKMARK [3][-]{subsubsection.6.3.4}{\376\377\000S\000i\000n\000g\000l\000e\000\040\000S\000t\000o\000c\000k\000\040\000P\000r\000i\000c\000e\000\040\000O\000v\000e\000r\000\040\000T\000i\000m\000e\000\040\000a\000n\000d\000\040\000V\000e\000c\000t\000o\000r\000i\000s\000a\000t\000i\000o\000n}{subsection.6.3}% 50
\BOOKMARK [3][-]{subsubsection.6.3.5}{\376\377\000C\000r\000e\000a\000t\000i\000n\000g\000\040\000R\000a\000n\000k\000i\000n\000g\000\040\000G\000r\000a\000p\000h\000s\000\040\000a\000n\000d\000\040\000D\000i\000s\000p\000l\000a\000y\000i\000n\000g\000\040\000N\000a\000m\000e\000s}{subsection.6.3}% 51
\BOOKMARK [3][-]{subsubsection.6.3.6}{\376\377\000K\000e\000e\000p\000i\000n\000g\000\040\000L\000a\000b\000e\000l\000s\000\040\000W\000i\000t\000h\000i\000n\000\040\000t\000h\000e\000\040\000G\000r\000a\000p\000h\000s\000\040\000B\000o\000u\000n\000d\000a\000r\000i\000e\000s}{subsection.6.3}% 52
\BOOKMARK [3][-]{subsubsection.6.3.7}{\376\377\000C\000u\000r\000r\000e\000n\000t\000\040\000P\000o\000r\000t\000f\000o\000l\000i\000o\000\040\000R\000a\000n\000k\000i\000n\000g}{subsection.6.3}% 53
\BOOKMARK [2][-]{subsection.6.4}{\376\377\000V\000i\000s\000u\000a\000l\000i\000s\000i\000n\000g\000\040\000B\000a\000c\000k\000-\000T\000e\000s\000t\000i\000n\000g}{section.6}% 54
\BOOKMARK [2][-]{subsection.6.5}{\376\377\000T\000h\000e\000\040\000F\000i\000n\000a\000l\000i\000s\000e\000d\000\040\000G\000r\000a\000p\000h\000s\000\040\000S\000c\000r\000e\000e\000n}{section.6}% 55
\BOOKMARK [1][-]{section.7}{\376\377\000C\000h\000a\000p\000t\000e\000r\000\040\0006\000\040\040\024\000\040\000C\000o\000m\000p\000l\000e\000t\000e\000d\000\040\000D\000e\000l\000i\000v\000e\000r\000a\000b\000l\000e}{}% 56
\BOOKMARK [2][-]{subsection.7.1}{\376\377\000F\000e\000a\000t\000u\000r\000e\000s\000\040\000a\000n\000d\000\040\000F\000i\000n\000a\000l\000\040\000G\000U\000I\000\040\000D\000e\000s\000i\000g\000n}{section.7}% 57
\BOOKMARK [2][-]{subsection.7.2}{\376\377\000P\000-\000V\000a\000l\000u\000e\000s\000\040\000a\000n\000d\000\040\000G\000r\000a\000p\000h\000i\000c\000a\000l\000\040\000A\000n\000a\000l\000y\000s\000i\000s}{section.7}% 58
\BOOKMARK [2][-]{subsection.7.3}{\376\377\000A\000d\000a\000p\000t\000a\000t\000i\000o\000n\000s\000\040\000f\000o\000r\000\040\000P\000a\000c\000k\000a\000g\000e\000d\000\040\000R\000e\000l\000e\000a\000s\000e}{section.7}% 59
\BOOKMARK [1][-]{section.8}{\376\377\000C\000h\000a\000p\000t\000e\000r\000\040\0007\000\040\040\024\000\040\000S\000o\000f\000t\000w\000a\000r\000e\000\040\000E\000n\000g\000i\000n\000e\000e\000r\000i\000n\000g}{}% 60
\BOOKMARK [2][-]{subsection.8.1}{\376\377\000O\000b\000j\000e\000c\000t\000\040\000O\000r\000i\000e\000n\000t\000e\000d\000\040\000P\000r\000o\000g\000r\000a\000m\000m\000i\000n\000g}{section.8}% 61
\BOOKMARK [2][-]{subsection.8.2}{\376\377\000D\000e\000s\000i\000g\000n\000\040\000P\000a\000t\000t\000e\000r\000n\000s}{section.8}% 62
\BOOKMARK [2][-]{subsection.8.3}{\376\377\000T\000e\000s\000t\000i\000n\000g\000\040\000a\000n\000d\000\040\000D\000o\000c\000u\000m\000e\000n\000t\000a\000t\000i\000o\000n}{section.8}% 63
\BOOKMARK [2][-]{subsection.8.4}{\376\377\000V\000e\000r\000s\000i\000o\000n\000\040\000C\000o\000n\000t\000r\000o\000l\000\040\000\050\000G\000i\000t\000\051}{section.8}% 64
\BOOKMARK [1][-]{section.9}{\376\377\000C\000h\000a\000p\000t\000e\000r\000\040\0008\000\040\040\024\000\040\000C\000r\000i\000t\000i\000c\000a\000l\000\040\000A\000n\000a\000l\000y\000s\000i\000s}{}% 65
\BOOKMARK [2][-]{subsection.9.1}{\376\377\000I\000n\000t\000e\000r\000i\000m\000\040\000E\000v\000a\000l\000u\000a\000t\000i\000o\000n}{section.9}% 66
\BOOKMARK [2][-]{subsection.9.2}{\376\377\000F\000i\000n\000a\000l\000\040\000R\000e\000p\000o\000r\000t\000\040\000E\000v\000a\000l\000u\000a\000t\000i\000o\000n}{section.9}% 67
\BOOKMARK [3][-]{subsubsection.9.2.1}{\376\377\000C\000o\000d\000i\000n\000g\000\040\000A\000c\000h\000i\000v\000e\000m\000e\000n\000t\000s\000\040\000a\000n\000d\000\040\000D\000i\000f\000i\000c\000u\000l\000t\000i\000e\000s}{subsection.9.2}% 68
\BOOKMARK [2][-]{subsection.9.3}{\376\377\000C\000o\000n\000c\000l\000u\000s\000i\000o\000n}{section.9}% 69
\BOOKMARK [1][-]{section.10}{\376\377\000P\000r\000o\000f\000e\000s\000s\000i\000o\000n\000a\000l\000\040\000I\000s\000s\000u\000e\000s}{}% 70
\BOOKMARK [2][-]{subsection.10.1}{\376\377\000F\000i\000n\000a\000n\000c\000e\000\040\000I\000n\000d\000u\000s\000t\000r\000y\000\040\000E\000t\000h\000i\000c\000s}{section.10}% 71
\BOOKMARK [2][-]{subsection.10.2}{\376\377\000P\000l\000a\000g\000i\000a\000r\000i\000s\000m\000\040\000a\000n\000d\000\040\000U\000s\000i\000n\000g\000\040\000A\000I}{section.10}% 72
\BOOKMARK [1][-]{section.11}{\376\377\000B\000i\000b\000l\000i\000o\000g\000r\000a\000p\000h\000y}{}% 73
\BOOKMARK [2][-]{subsection.11.1}{\376\377\000R\000e\000f\000e\000r\000e\000n\000c\000e\000s}{section.11}% 74
\BOOKMARK [2][-]{subsection.11.2}{\376\377\000L\000i\000t\000e\000r\000a\000t\000u\000r\000e\000\040\000R\000e\000v\000i\000e\000w}{section.11}% 75
\BOOKMARK [3][-]{subsubsection.11.2.1}{\376\377\000B\000i\000b\000l\000i\000o\000g\000r\000a\000p\000h\000y\000\040\000S\000u\000m\000m\000a\000r\000y}{subsection.11.2}% 76
\BOOKMARK [3][-]{subsubsection.11.2.2}{\376\377\000G\000e\000n\000e\000r\000a\000l\000\040\000L\000i\000t\000e\000r\000a\000t\000u\000r\000e}{subsection.11.2}% 77
\BOOKMARK [3][-]{subsubsection.11.2.3}{\376\377\000L\000i\000t\000e\000r\000a\000t\000u\000r\000e\000\040\000R\000e\000v\000i\000e\000w\000\040\000R\000e\000f\000e\000r\000e\000n\000c\000e\000s}{subsection.11.2}% 78
\BOOKMARK [1][-]{section.12}{\376\377\000A\000p\000p\000e\000n\000d\000i\000x}{}% 79
\BOOKMARK [2][-]{subsection.12.1}{\376\377\000D\000i\000a\000r\000y}{section.12}% 80
\BOOKMARK [2][-]{subsection.12.2}{\376\377\000F\000u\000l\000l\000y\000\040\000P\000a\000c\000k\000a\000g\000e\000d\000\040\000C\000o\000d\000e}{section.12}% 81
\BOOKMARK [3][-]{subsubsection.12.2.1}{\376\377\000F\000i\000n\000a\000l\000\040\000D\000e\000s\000i\000g\000n\000.\000p\000y}{subsection.12.2}% 82
\BOOKMARK [3][-]{subsubsection.12.2.2}{\376\377\000P\000o\000r\000t\000f\000o\000l\000i\000o\000.\000p\000y}{subsection.12.2}% 83
\BOOKMARK [3][-]{subsubsection.12.2.3}{\376\377\000P\000o\000r\000t\000f\000o\000l\000i\000o\000.\000k\000v}{subsection.12.2}% 84
\BOOKMARK [3][-]{subsubsection.12.2.4}{\376\377\000G\000r\000a\000p\000h\000s\000.\000p\000y}{subsection.12.2}% 85
\BOOKMARK [3][-]{subsubsection.12.2.5}{\376\377\000G\000r\000a\000p\000h\000s\000.\000k\000v}{subsection.12.2}% 86
\BOOKMARK [3][-]{subsubsection.12.2.6}{\376\377\000V\000a\000R\000C\000h\000e\000c\000k\000e\000r\000.\000p\000y}{subsection.12.2}% 87
\BOOKMARK [3][-]{subsubsection.12.2.7}{\376\377\000V\000a\000R\000C\000h\000e\000c\000k\000e\000r\000.\000k\000v}{subsection.12.2}% 88
